{
  "C:\\Users\\DY15D\\BuildPre\\backend\\app.js": {
    "path": "C:\\Users\\DY15D\\BuildPre\\backend\\app.js",
    "statementMap": {
      "0": {
        "start": { "line": 2, "column": 13 },
        "end": { "line": 2, "column": 28 }
      },
      "1": {
        "start": { "line": 3, "column": 16 },
        "end": { "line": 3, "column": 34 }
      },
      "2": {
        "start": { "line": 4, "column": 12 },
        "end": { "line": 4, "column": 21 }
      },
      "3": {
        "start": { "line": 7, "column": 0 },
        "end": { "line": 13, "column": 4 }
      },
      "4": {
        "start": { "line": 16, "column": 0 },
        "end": { "line": 16, "column": 58 }
      },
      "5": {
        "start": { "line": 17, "column": 0 },
        "end": { "line": 17, "column": 63 }
      },
      "6": {
        "start": { "line": 20, "column": 0 },
        "end": { "line": 20, "column": 47 }
      },
      "7": {
        "start": { "line": 21, "column": 0 },
        "end": { "line": 21, "column": 49 }
      },
      "8": {
        "start": { "line": 22, "column": 0 },
        "end": { "line": 22, "column": 51 }
      },
      "9": {
        "start": { "line": 24, "column": 0 },
        "end": { "line": 24, "column": 21 }
      }
    },
    "fnMap": {},
    "branchMap": {},
    "s": {
      "0": 1,
      "1": 1,
      "2": 1,
      "3": 1,
      "4": 1,
      "5": 1,
      "6": 1,
      "7": 1,
      "8": 1,
      "9": 1
    },
    "f": {},
    "b": {},
    "_coverageSchema": "1a1c01bbd47fc00a2c39e90264f33305004495a9",
    "hash": "0333e3b2e1e1e58cac1c5559949b551d20df6896"
  },
  "C:\\Users\\DY15D\\BuildPre\\backend\\middleware\\cacheMiddleware.js": {
    "path": "C:\\Users\\DY15D\\BuildPre\\backend\\middleware\\cacheMiddleware.js",
    "statementMap": {
      "0": {
        "start": { "line": 2, "column": 26 },
        "end": { "line": 2, "column": 51 }
      },
      "1": {
        "start": { "line": 9, "column": 24 },
        "end": { "line": 56, "column": 1 }
      },
      "2": {
        "start": { "line": 10, "column": 2 },
        "end": { "line": 55, "column": 4 }
      },
      "3": {
        "start": { "line": 12, "column": 21 },
        "end": { "line": 12, "column": 89 }
      },
      "4": {
        "start": { "line": 14, "column": 4 },
        "end": { "line": 54, "column": 5 }
      },
      "5": {
        "start": { "line": 15, "column": 25 },
        "end": { "line": 23, "column": 7 }
      },
      "6": {
        "start": { "line": 20, "column": 10 },
        "end": { "line": 20, "column": 22 }
      },
      "7": {
        "start": { "line": 25, "column": 6 },
        "end": { "line": 29, "column": 7 }
      },
      "8": {
        "start": { "line": 27, "column": 8 },
        "end": { "line": 27, "column": 47 }
      },
      "9": {
        "start": { "line": 28, "column": 8 },
        "end": { "line": 28, "column": 36 }
      },
      "10": {
        "start": { "line": 32, "column": 6 },
        "end": { "line": 32, "column": 46 }
      },
      "11": {
        "start": { "line": 35, "column": 27 },
        "end": { "line": 35, "column": 45 }
      },
      "12": {
        "start": { "line": 38, "column": 6 },
        "end": { "line": 46, "column": 8 }
      },
      "13": {
        "start": { "line": 40, "column": 32 },
        "end": { "line": 40, "column": 57 }
      },
      "14": {
        "start": { "line": 41, "column": 8 },
        "end": { "line": 42, "column": 73 }
      },
      "15": {
        "start": { "line": 42, "column": 24 },
        "end": { "line": 42, "column": 71 }
      },
      "16": {
        "start": { "line": 45, "column": 8 },
        "end": { "line": 45, "column": 34 }
      },
      "17": {
        "start": { "line": 48, "column": 6 },
        "end": { "line": 48, "column": 13 }
      },
      "18": {
        "start": { "line": 50, "column": 6 },
        "end": { "line": 50, "column": 52 }
      },
      "19": {
        "start": { "line": 52, "column": 6 },
        "end": { "line": 52, "column": 47 }
      },
      "20": {
        "start": { "line": 53, "column": 6 },
        "end": { "line": 53, "column": 13 }
      },
      "21": {
        "start": { "line": 58, "column": 0 },
        "end": { "line": 58, "column": 33 }
      }
    },
    "fnMap": {
      "0": {
        "name": "(anonymous_0)",
        "decl": {
          "start": { "line": 9, "column": 24 },
          "end": { "line": 9, "column": 25 }
        },
        "loc": {
          "start": { "line": 9, "column": 58 },
          "end": { "line": 56, "column": 1 }
        },
        "line": 9
      },
      "1": {
        "name": "(anonymous_1)",
        "decl": {
          "start": { "line": 10, "column": 9 },
          "end": { "line": 10, "column": 10 }
        },
        "loc": {
          "start": { "line": 10, "column": 35 },
          "end": { "line": 55, "column": 3 }
        },
        "line": 10
      },
      "2": {
        "name": "(anonymous_2)",
        "decl": {
          "start": { "line": 17, "column": 8 },
          "end": { "line": 17, "column": 9 }
        },
        "loc": {
          "start": { "line": 17, "column": 20 },
          "end": { "line": 21, "column": 9 }
        },
        "line": 17
      },
      "3": {
        "name": "(anonymous_3)",
        "decl": {
          "start": { "line": 38, "column": 17 },
          "end": { "line": 38, "column": 18 }
        },
        "loc": {
          "start": { "line": 38, "column": 32 },
          "end": { "line": 46, "column": 7 }
        },
        "line": 38
      },
      "4": {
        "name": "(anonymous_4)",
        "decl": {
          "start": { "line": 42, "column": 17 },
          "end": { "line": 42, "column": 18 }
        },
        "loc": {
          "start": { "line": 42, "column": 24 },
          "end": { "line": 42, "column": 71 }
        },
        "line": 42
      }
    },
    "branchMap": {
      "0": {
        "loc": {
          "start": { "line": 9, "column": 36 },
          "end": { "line": 9, "column": 53 }
        },
        "type": "default-arg",
        "locations": [
          {
            "start": { "line": 9, "column": 49 },
            "end": { "line": 9, "column": 53 }
          }
        ],
        "line": 9
      },
      "1": {
        "loc": {
          "start": { "line": 12, "column": 37 },
          "end": { "line": 12, "column": 58 }
        },
        "type": "binary-expr",
        "locations": [
          {
            "start": { "line": 12, "column": 37 },
            "end": { "line": 12, "column": 49 }
          },
          {
            "start": { "line": 12, "column": 53 },
            "end": { "line": 12, "column": 58 }
          }
        ],
        "line": 12
      },
      "2": {
        "loc": {
          "start": { "line": 25, "column": 6 },
          "end": { "line": 29, "column": 7 }
        },
        "type": "if",
        "locations": [
          {
            "start": { "line": 25, "column": 6 },
            "end": { "line": 29, "column": 7 }
          },
          { "start": {}, "end": {} }
        ],
        "line": 25
      }
    },
    "s": {
      "0": 1,
      "1": 1,
      "2": 1,
      "3": 0,
      "4": 0,
      "5": 0,
      "6": 0,
      "7": 0,
      "8": 0,
      "9": 0,
      "10": 0,
      "11": 0,
      "12": 0,
      "13": 0,
      "14": 0,
      "15": 0,
      "16": 0,
      "17": 0,
      "18": 0,
      "19": 0,
      "20": 0,
      "21": 1
    },
    "f": { "0": 1, "1": 0, "2": 0, "3": 0, "4": 0 },
    "b": { "0": [0], "1": [0, 0], "2": [0, 0] },
    "_coverageSchema": "1a1c01bbd47fc00a2c39e90264f33305004495a9",
    "hash": "8926212a09eb5fd62fda54c7c03940c4d7016b6d"
  },
  "C:\\Users\\DY15D\\BuildPre\\backend\\middleware\\upload.js": {
    "path": "C:\\Users\\DY15D\\BuildPre\\backend\\middleware\\upload.js",
    "statementMap": {
      "0": {
        "start": { "line": 2, "column": 15 },
        "end": { "line": 2, "column": 32 }
      },
      "1": {
        "start": { "line": 5, "column": 16 },
        "end": { "line": 5, "column": 38 }
      },
      "2": {
        "start": { "line": 8, "column": 19 },
        "end": { "line": 14, "column": 1 }
      },
      "3": {
        "start": { "line": 9, "column": 2 },
        "end": { "line": 13, "column": 3 }
      },
      "4": {
        "start": { "line": 10, "column": 4 },
        "end": { "line": 10, "column": 19 }
      },
      "5": {
        "start": { "line": 12, "column": 4 },
        "end": { "line": 12, "column": 69 }
      },
      "6": {
        "start": { "line": 17, "column": 15 },
        "end": { "line": 23, "column": 18 }
      },
      "7": {
        "start": { "line": 25, "column": 0 },
        "end": { "line": 25, "column": 24 }
      }
    },
    "fnMap": {
      "0": {
        "name": "(anonymous_0)",
        "decl": {
          "start": { "line": 8, "column": 19 },
          "end": { "line": 8, "column": 20 }
        },
        "loc": {
          "start": { "line": 8, "column": 38 },
          "end": { "line": 14, "column": 1 }
        },
        "line": 8
      }
    },
    "branchMap": {
      "0": {
        "loc": {
          "start": { "line": 9, "column": 2 },
          "end": { "line": 13, "column": 3 }
        },
        "type": "if",
        "locations": [
          {
            "start": { "line": 9, "column": 2 },
            "end": { "line": 13, "column": 3 }
          },
          {
            "start": { "line": 11, "column": 9 },
            "end": { "line": 13, "column": 3 }
          }
        ],
        "line": 9
      }
    },
    "s": { "0": 1, "1": 1, "2": 1, "3": 1, "4": 1, "5": 0, "6": 1, "7": 1 },
    "f": { "0": 1 },
    "b": { "0": [1, 0] },
    "_coverageSchema": "1a1c01bbd47fc00a2c39e90264f33305004495a9",
    "hash": "6693a4b20831c10e3fbbf9b56d9560ece24ff7b8"
  },
  "C:\\Users\\DY15D\\BuildPre\\backend\\models\\Post.js": {
    "path": "C:\\Users\\DY15D\\BuildPre\\backend\\models\\Post.js",
    "statementMap": {
      "0": {
        "start": { "line": 1, "column": 17 },
        "end": { "line": 1, "column": 36 }
      },
      "1": {
        "start": { "line": 3, "column": 19 },
        "end": { "line": 10, "column": 2 }
      },
      "2": {
        "start": { "line": 12, "column": 0 },
        "end": { "line": 12, "column": 52 }
      }
    },
    "fnMap": {},
    "branchMap": {},
    "s": { "0": 1, "1": 1, "2": 1 },
    "f": {},
    "b": {},
    "_coverageSchema": "1a1c01bbd47fc00a2c39e90264f33305004495a9",
    "hash": "f8718ab6449b4ba39b11eb04ec00e7b6c292b100"
  },
  "C:\\Users\\DY15D\\BuildPre\\backend\\models\\User.js": {
    "path": "C:\\Users\\DY15D\\BuildPre\\backend\\models\\User.js",
    "statementMap": {
      "0": {
        "start": { "line": 1, "column": 17 },
        "end": { "line": 1, "column": 36 }
      },
      "1": {
        "start": { "line": 2, "column": 15 },
        "end": { "line": 2, "column": 34 }
      },
      "2": {
        "start": { "line": 4, "column": 19 },
        "end": { "line": 8, "column": 2 }
      },
      "3": {
        "start": { "line": 11, "column": 0 },
        "end": { "line": 18, "column": 3 }
      },
      "4": {
        "start": { "line": 12, "column": 2 },
        "end": { "line": 14, "column": 3 }
      },
      "5": {
        "start": { "line": 13, "column": 4 },
        "end": { "line": 13, "column": 18 }
      },
      "6": {
        "start": { "line": 15, "column": 15 },
        "end": { "line": 15, "column": 39 }
      },
      "7": {
        "start": { "line": 16, "column": 2 },
        "end": { "line": 16, "column": 57 }
      },
      "8": {
        "start": { "line": 17, "column": 2 },
        "end": { "line": 17, "column": 9 }
      },
      "9": {
        "start": { "line": 20, "column": 0 },
        "end": { "line": 20, "column": 52 }
      }
    },
    "fnMap": {
      "0": {
        "name": "(anonymous_0)",
        "decl": {
          "start": { "line": 11, "column": 23 },
          "end": { "line": 11, "column": 24 }
        },
        "loc": {
          "start": { "line": 11, "column": 45 },
          "end": { "line": 18, "column": 1 }
        },
        "line": 11
      }
    },
    "branchMap": {
      "0": {
        "loc": {
          "start": { "line": 12, "column": 2 },
          "end": { "line": 14, "column": 3 }
        },
        "type": "if",
        "locations": [
          {
            "start": { "line": 12, "column": 2 },
            "end": { "line": 14, "column": 3 }
          },
          { "start": {}, "end": {} }
        ],
        "line": 12
      }
    },
    "s": {
      "0": 1,
      "1": 1,
      "2": 1,
      "3": 1,
      "4": 1,
      "5": 0,
      "6": 1,
      "7": 1,
      "8": 1,
      "9": 1
    },
    "f": { "0": 1 },
    "b": { "0": [0, 1] },
    "_coverageSchema": "1a1c01bbd47fc00a2c39e90264f33305004495a9",
    "hash": "72eab3733f6c467eb1453f46527e53adca916bbf"
  },
  "C:\\Users\\DY15D\\BuildPre\\backend\\routes\\auth.js": {
    "path": "C:\\Users\\DY15D\\BuildPre\\backend\\routes\\auth.js",
    "statementMap": {
      "0": {
        "start": { "line": 1, "column": 16 },
        "end": { "line": 1, "column": 34 }
      },
      "1": {
        "start": { "line": 2, "column": 15 },
        "end": { "line": 2, "column": 31 }
      },
      "2": {
        "start": { "line": 3, "column": 15 },
        "end": { "line": 3, "column": 34 }
      },
      "3": {
        "start": { "line": 4, "column": 12 },
        "end": { "line": 4, "column": 35 }
      },
      "4": {
        "start": { "line": 5, "column": 13 },
        "end": { "line": 5, "column": 38 }
      },
      "5": {
        "start": { "line": 6, "column": 13 },
        "end": { "line": 6, "column": 42 }
      },
      "6": {
        "start": { "line": 9, "column": 0 },
        "end": { "line": 27, "column": 3 }
      },
      "7": {
        "start": { "line": 10, "column": 36 },
        "end": { "line": 10, "column": 44 }
      },
      "8": {
        "start": { "line": 11, "column": 2 },
        "end": { "line": 26, "column": 3 }
      },
      "9": {
        "start": { "line": 12, "column": 15 },
        "end": { "line": 12, "column": 44 }
      },
      "10": {
        "start": { "line": 13, "column": 4 },
        "end": { "line": 13, "column": 74 }
      },
      "11": {
        "start": { "line": 13, "column": 14 },
        "end": { "line": 13, "column": 74 }
      },
      "12": {
        "start": { "line": 15, "column": 4 },
        "end": { "line": 15, "column": 47 }
      },
      "13": {
        "start": { "line": 16, "column": 4 },
        "end": { "line": 16, "column": 22 }
      },
      "14": {
        "start": { "line": 18, "column": 20 },
        "end": { "line": 18, "column": 45 }
      },
      "15": {
        "start": { "line": 19, "column": 4 },
        "end": { "line": 22, "column": 7 }
      },
      "16": {
        "start": { "line": 20, "column": 6 },
        "end": { "line": 20, "column": 25 }
      },
      "17": {
        "start": { "line": 20, "column": 15 },
        "end": { "line": 20, "column": 25 }
      },
      "18": {
        "start": { "line": 21, "column": 6 },
        "end": { "line": 21, "column": 26 }
      },
      "19": {
        "start": { "line": 24, "column": 4 },
        "end": { "line": 24, "column": 31 }
      },
      "20": {
        "start": { "line": 25, "column": 4 },
        "end": { "line": 25, "column": 41 }
      },
      "21": {
        "start": { "line": 30, "column": 0 },
        "end": { "line": 48, "column": 3 }
      },
      "22": {
        "start": { "line": 31, "column": 30 },
        "end": { "line": 31, "column": 38 }
      },
      "23": {
        "start": { "line": 32, "column": 2 },
        "end": { "line": 47, "column": 3 }
      },
      "24": {
        "start": { "line": 33, "column": 15 },
        "end": { "line": 33, "column": 44 }
      },
      "25": {
        "start": { "line": 34, "column": 4 },
        "end": { "line": 34, "column": 75 }
      },
      "26": {
        "start": { "line": 34, "column": 15 },
        "end": { "line": 34, "column": 75 }
      },
      "27": {
        "start": { "line": 36, "column": 20 },
        "end": { "line": 36, "column": 65 }
      },
      "28": {
        "start": { "line": 37, "column": 4 },
        "end": { "line": 37, "column": 78 }
      },
      "29": {
        "start": { "line": 37, "column": 18 },
        "end": { "line": 37, "column": 78 }
      },
      "30": {
        "start": { "line": 39, "column": 20 },
        "end": { "line": 39, "column": 45 }
      },
      "31": {
        "start": { "line": 40, "column": 4 },
        "end": { "line": 43, "column": 7 }
      },
      "32": {
        "start": { "line": 41, "column": 6 },
        "end": { "line": 41, "column": 25 }
      },
      "33": {
        "start": { "line": 41, "column": 15 },
        "end": { "line": 41, "column": 25 }
      },
      "34": {
        "start": { "line": 42, "column": 6 },
        "end": { "line": 42, "column": 26 }
      },
      "35": {
        "start": { "line": 45, "column": 4 },
        "end": { "line": 45, "column": 31 }
      },
      "36": {
        "start": { "line": 46, "column": 4 },
        "end": { "line": 46, "column": 41 }
      },
      "37": {
        "start": { "line": 51, "column": 0 },
        "end": { "line": 59, "column": 3 }
      },
      "38": {
        "start": { "line": 52, "column": 2 },
        "end": { "line": 58, "column": 3 }
      },
      "39": {
        "start": { "line": 53, "column": 17 },
        "end": { "line": 53, "column": 69 }
      },
      "40": {
        "start": { "line": 54, "column": 4 },
        "end": { "line": 54, "column": 19 }
      },
      "41": {
        "start": { "line": 56, "column": 4 },
        "end": { "line": 56, "column": 31 }
      },
      "42": {
        "start": { "line": 57, "column": 4 },
        "end": { "line": 57, "column": 41 }
      },
      "43": {
        "start": { "line": 61, "column": 0 },
        "end": { "line": 61, "column": 24 }
      }
    },
    "fnMap": {
      "0": {
        "name": "(anonymous_0)",
        "decl": {
          "start": { "line": 9, "column": 25 },
          "end": { "line": 9, "column": 26 }
        },
        "loc": {
          "start": { "line": 9, "column": 45 },
          "end": { "line": 27, "column": 1 }
        },
        "line": 9
      },
      "1": {
        "name": "(anonymous_1)",
        "decl": {
          "start": { "line": 19, "column": 67 },
          "end": { "line": 19, "column": 68 }
        },
        "loc": {
          "start": { "line": 19, "column": 83 },
          "end": { "line": 22, "column": 5 }
        },
        "line": 19
      },
      "2": {
        "name": "(anonymous_2)",
        "decl": {
          "start": { "line": 30, "column": 22 },
          "end": { "line": 30, "column": 23 }
        },
        "loc": {
          "start": { "line": 30, "column": 42 },
          "end": { "line": 48, "column": 1 }
        },
        "line": 30
      },
      "3": {
        "name": "(anonymous_3)",
        "decl": {
          "start": { "line": 40, "column": 67 },
          "end": { "line": 40, "column": 68 }
        },
        "loc": {
          "start": { "line": 40, "column": 83 },
          "end": { "line": 43, "column": 5 }
        },
        "line": 40
      },
      "4": {
        "name": "(anonymous_4)",
        "decl": {
          "start": { "line": 51, "column": 22 },
          "end": { "line": 51, "column": 23 }
        },
        "loc": {
          "start": { "line": 51, "column": 42 },
          "end": { "line": 59, "column": 1 }
        },
        "line": 51
      }
    },
    "branchMap": {
      "0": {
        "loc": {
          "start": { "line": 13, "column": 4 },
          "end": { "line": 13, "column": 74 }
        },
        "type": "if",
        "locations": [
          {
            "start": { "line": 13, "column": 4 },
            "end": { "line": 13, "column": 74 }
          },
          { "start": {}, "end": {} }
        ],
        "line": 13
      },
      "1": {
        "loc": {
          "start": { "line": 20, "column": 6 },
          "end": { "line": 20, "column": 25 }
        },
        "type": "if",
        "locations": [
          {
            "start": { "line": 20, "column": 6 },
            "end": { "line": 20, "column": 25 }
          },
          { "start": {}, "end": {} }
        ],
        "line": 20
      },
      "2": {
        "loc": {
          "start": { "line": 34, "column": 4 },
          "end": { "line": 34, "column": 75 }
        },
        "type": "if",
        "locations": [
          {
            "start": { "line": 34, "column": 4 },
            "end": { "line": 34, "column": 75 }
          },
          { "start": {}, "end": {} }
        ],
        "line": 34
      },
      "3": {
        "loc": {
          "start": { "line": 37, "column": 4 },
          "end": { "line": 37, "column": 78 }
        },
        "type": "if",
        "locations": [
          {
            "start": { "line": 37, "column": 4 },
            "end": { "line": 37, "column": 78 }
          },
          { "start": {}, "end": {} }
        ],
        "line": 37
      },
      "4": {
        "loc": {
          "start": { "line": 41, "column": 6 },
          "end": { "line": 41, "column": 25 }
        },
        "type": "if",
        "locations": [
          {
            "start": { "line": 41, "column": 6 },
            "end": { "line": 41, "column": 25 }
          },
          { "start": {}, "end": {} }
        ],
        "line": 41
      }
    },
    "s": {
      "0": 1,
      "1": 1,
      "2": 1,
      "3": 1,
      "4": 1,
      "5": 1,
      "6": 1,
      "7": 1,
      "8": 1,
      "9": 1,
      "10": 1,
      "11": 1,
      "12": 0,
      "13": 0,
      "14": 0,
      "15": 0,
      "16": 0,
      "17": 0,
      "18": 0,
      "19": 0,
      "20": 0,
      "21": 1,
      "22": 0,
      "23": 0,
      "24": 0,
      "25": 0,
      "26": 0,
      "27": 0,
      "28": 0,
      "29": 0,
      "30": 0,
      "31": 0,
      "32": 0,
      "33": 0,
      "34": 0,
      "35": 0,
      "36": 0,
      "37": 1,
      "38": 0,
      "39": 0,
      "40": 0,
      "41": 0,
      "42": 0,
      "43": 1
    },
    "f": { "0": 1, "1": 0, "2": 0, "3": 0, "4": 0 },
    "b": { "0": [1, 0], "1": [0, 0], "2": [0, 0], "3": [0, 0], "4": [0, 0] },
    "_coverageSchema": "1a1c01bbd47fc00a2c39e90264f33305004495a9",
    "hash": "d40303025599d44d720c9df0f38e5b5eb9cc7124"
  },
  "C:\\Users\\DY15D\\BuildPre\\backend\\routes\\posts.js": {
    "path": "C:\\Users\\DY15D\\BuildPre\\backend\\routes\\posts.js",
    "statementMap": {
      "0": {
        "start": { "line": 1, "column": 16 },
        "end": { "line": 1, "column": 34 }
      },
      "1": {
        "start": { "line": 2, "column": 15 },
        "end": { "line": 2, "column": 31 }
      },
      "2": {
        "start": { "line": 3, "column": 13 },
        "end": { "line": 3, "column": 42 }
      },
      "3": {
        "start": { "line": 4, "column": 13 },
        "end": { "line": 4, "column": 38 }
      },
      "4": {
        "start": { "line": 5, "column": 13 },
        "end": { "line": 5, "column": 38 }
      },
      "5": {
        "start": { "line": 6, "column": 15 },
        "end": { "line": 6, "column": 46 }
      },
      "6": {
        "start": { "line": 7, "column": 24 },
        "end": { "line": 7, "column": 57 }
      },
      "7": {
        "start": { "line": 8, "column": 24 },
        "end": { "line": 8, "column": 64 }
      },
      "8": {
        "start": { "line": 9, "column": 35 },
        "end": { "line": 9, "column": 60 }
      },
      "9": {
        "start": { "line": 12, "column": 0 },
        "end": { "line": 59, "column": 3 }
      },
      "10": {
        "start": { "line": 13, "column": 2 },
        "end": { "line": 58, "column": 3 }
      },
      "11": {
        "start": { "line": 14, "column": 28 },
        "end": { "line": 14, "column": 36 }
      },
      "12": {
        "start": { "line": 15, "column": 17 },
        "end": { "line": 15, "column": 25 }
      },
      "13": {
        "start": { "line": 17, "column": 4 },
        "end": { "line": 17, "column": 46 }
      },
      "14": {
        "start": { "line": 18, "column": 4 },
        "end": { "line": 18, "column": 33 }
      },
      "15": {
        "start": { "line": 19, "column": 4 },
        "end": { "line": 19, "column": 31 }
      },
      "16": {
        "start": { "line": 20, "column": 4 },
        "end": { "line": 20, "column": 55 }
      },
      "17": {
        "start": { "line": 22, "column": 19 },
        "end": { "line": 22, "column": 23 }
      },
      "18": {
        "start": { "line": 24, "column": 4 },
        "end": { "line": 33, "column": 5 }
      },
      "19": {
        "start": { "line": 25, "column": 6 },
        "end": { "line": 25, "column": 59 }
      },
      "20": {
        "start": { "line": 26, "column": 6 },
        "end": { "line": 32, "column": 7 }
      },
      "21": {
        "start": { "line": 27, "column": 8 },
        "end": { "line": 27, "column": 50 }
      },
      "22": {
        "start": { "line": 28, "column": 8 },
        "end": { "line": 28, "column": 57 }
      },
      "23": {
        "start": { "line": 30, "column": 8 },
        "end": { "line": 30, "column": 64 }
      },
      "24": {
        "start": { "line": 31, "column": 8 },
        "end": { "line": 31, "column": 26 }
      },
      "25": {
        "start": { "line": 35, "column": 17 },
        "end": { "line": 35, "column": 69 }
      },
      "26": {
        "start": { "line": 37, "column": 20 },
        "end": { "line": 43, "column": 6 }
      },
      "27": {
        "start": { "line": 45, "column": 17 },
        "end": { "line": 45, "column": 37 }
      },
      "28": {
        "start": { "line": 46, "column": 4 },
        "end": { "line": 46, "column": 44 }
      },
      "29": {
        "start": { "line": 49, "column": 4 },
        "end": { "line": 49, "column": 44 }
      },
      "30": {
        "start": { "line": 51, "column": 4 },
        "end": { "line": 51, "column": 31 }
      },
      "31": {
        "start": { "line": 54, "column": 4 },
        "end": { "line": 54, "column": 49 }
      },
      "32": {
        "start": { "line": 55, "column": 4 },
        "end": { "line": 55, "column": 49 }
      },
      "33": {
        "start": { "line": 56, "column": 4 },
        "end": { "line": 56, "column": 38 }
      },
      "34": {
        "start": { "line": 57, "column": 4 },
        "end": { "line": 57, "column": 70 }
      },
      "35": {
        "start": { "line": 63, "column": 0 },
        "end": { "line": 71, "column": 3 }
      },
      "36": {
        "start": { "line": 64, "column": 2 },
        "end": { "line": 70, "column": 3 }
      },
      "37": {
        "start": { "line": 65, "column": 18 },
        "end": { "line": 65, "column": 54 }
      },
      "38": {
        "start": { "line": 66, "column": 4 },
        "end": { "line": 66, "column": 20 }
      },
      "39": {
        "start": { "line": 68, "column": 4 },
        "end": { "line": 68, "column": 31 }
      },
      "40": {
        "start": { "line": 69, "column": 4 },
        "end": { "line": 69, "column": 41 }
      },
      "41": {
        "start": { "line": 74, "column": 0 },
        "end": { "line": 91, "column": 3 }
      },
      "42": {
        "start": { "line": 75, "column": 2 },
        "end": { "line": 90, "column": 3 }
      },
      "43": {
        "start": { "line": 76, "column": 17 },
        "end": { "line": 76, "column": 51 }
      },
      "44": {
        "start": { "line": 77, "column": 4 },
        "end": { "line": 77, "column": 70 }
      },
      "45": {
        "start": { "line": 77, "column": 15 },
        "end": { "line": 77, "column": 70 }
      },
      "46": {
        "start": { "line": 78, "column": 4 },
        "end": { "line": 80, "column": 5 }
      },
      "47": {
        "start": { "line": 79, "column": 6 },
        "end": { "line": 79, "column": 66 }
      },
      "48": {
        "start": { "line": 81, "column": 4 },
        "end": { "line": 81, "column": 27 }
      },
      "49": {
        "start": { "line": 84, "column": 4 },
        "end": { "line": 84, "column": 44 }
      },
      "50": {
        "start": { "line": 86, "column": 4 },
        "end": { "line": 86, "column": 38 }
      },
      "51": {
        "start": { "line": 88, "column": 4 },
        "end": { "line": 88, "column": 31 }
      },
      "52": {
        "start": { "line": 89, "column": 4 },
        "end": { "line": 89, "column": 41 }
      },
      "53": {
        "start": { "line": 93, "column": 0 },
        "end": { "line": 93, "column": 24 }
      }
    },
    "fnMap": {
      "0": {
        "name": "(anonymous_0)",
        "decl": {
          "start": { "line": 12, "column": 33 },
          "end": { "line": 12, "column": 34 }
        },
        "loc": {
          "start": { "line": 12, "column": 53 },
          "end": { "line": 59, "column": 1 }
        },
        "line": 12
      },
      "1": {
        "name": "(anonymous_1)",
        "decl": {
          "start": { "line": 63, "column": 55 },
          "end": { "line": 63, "column": 56 }
        },
        "loc": {
          "start": { "line": 63, "column": 75 },
          "end": { "line": 71, "column": 1 }
        },
        "line": 63
      },
      "2": {
        "name": "(anonymous_2)",
        "decl": {
          "start": { "line": 74, "column": 28 },
          "end": { "line": 74, "column": 29 }
        },
        "loc": {
          "start": { "line": 74, "column": 48 },
          "end": { "line": 91, "column": 1 }
        },
        "line": 74
      }
    },
    "branchMap": {
      "0": {
        "loc": {
          "start": { "line": 20, "column": 34 },
          "end": { "line": 20, "column": 53 }
        },
        "type": "cond-expr",
        "locations": [
          {
            "start": { "line": 20, "column": 41 },
            "end": { "line": 20, "column": 46 }
          },
          {
            "start": { "line": 20, "column": 49 },
            "end": { "line": 20, "column": 53 }
          }
        ],
        "line": 20
      },
      "1": {
        "loc": {
          "start": { "line": 24, "column": 4 },
          "end": { "line": 33, "column": 5 }
        },
        "type": "if",
        "locations": [
          {
            "start": { "line": 24, "column": 4 },
            "end": { "line": 33, "column": 5 }
          },
          { "start": {}, "end": {} }
        ],
        "line": 24
      },
      "2": {
        "loc": {
          "start": { "line": 77, "column": 4 },
          "end": { "line": 77, "column": 70 }
        },
        "type": "if",
        "locations": [
          {
            "start": { "line": 77, "column": 4 },
            "end": { "line": 77, "column": 70 }
          },
          { "start": {}, "end": {} }
        ],
        "line": 77
      },
      "3": {
        "loc": {
          "start": { "line": 78, "column": 4 },
          "end": { "line": 80, "column": 5 }
        },
        "type": "if",
        "locations": [
          {
            "start": { "line": 78, "column": 4 },
            "end": { "line": 80, "column": 5 }
          },
          { "start": {}, "end": {} }
        ],
        "line": 78
      }
    },
    "s": {
      "0": 1,
      "1": 1,
      "2": 1,
      "3": 1,
      "4": 1,
      "5": 1,
      "6": 1,
      "7": 1,
      "8": 1,
      "9": 1,
      "10": 1,
      "11": 1,
      "12": 1,
      "13": 1,
      "14": 1,
      "15": 1,
      "16": 1,
      "17": 1,
      "18": 1,
      "19": 1,
      "20": 1,
      "21": 1,
      "22": 1,
      "23": 0,
      "24": 0,
      "25": 1,
      "26": 1,
      "27": 1,
      "28": 1,
      "29": 1,
      "30": 1,
      "31": 0,
      "32": 0,
      "33": 0,
      "34": 0,
      "35": 1,
      "36": 0,
      "37": 0,
      "38": 0,
      "39": 0,
      "40": 0,
      "41": 1,
      "42": 0,
      "43": 0,
      "44": 0,
      "45": 0,
      "46": 0,
      "47": 0,
      "48": 0,
      "49": 0,
      "50": 0,
      "51": 0,
      "52": 0,
      "53": 1
    },
    "f": { "0": 1, "1": 0, "2": 0 },
    "b": { "0": [1, 0], "1": [1, 0], "2": [0, 0], "3": [0, 0] },
    "_coverageSchema": "1a1c01bbd47fc00a2c39e90264f33305004495a9",
    "hash": "3957de462fa3273aab2d1ce964b918adf6d6e40f"
  },
  "C:\\Users\\DY15D\\BuildPre\\backend\\routes\\search.js": {
    "path": "C:\\Users\\DY15D\\BuildPre\\backend\\routes\\search.js",
    "statementMap": {
      "0": {
        "start": { "line": 1, "column": 16 },
        "end": { "line": 1, "column": 34 }
      },
      "1": {
        "start": { "line": 2, "column": 15 },
        "end": { "line": 2, "column": 31 }
      },
      "2": {
        "start": { "line": 3, "column": 24 },
        "end": { "line": 3, "column": 50 }
      },
      "3": {
        "start": { "line": 8, "column": 0 },
        "end": { "line": 17, "column": 3 }
      },
      "4": {
        "start": { "line": 9, "column": 2 },
        "end": { "line": 16, "column": 3 }
      },
      "5": {
        "start": { "line": 10, "column": 18 },
        "end": { "line": 10, "column": 29 }
      },
      "6": {
        "start": { "line": 11, "column": 20 },
        "end": { "line": 11, "column": 44 }
      },
      "7": {
        "start": { "line": 12, "column": 4 },
        "end": { "line": 12, "column": 22 }
      },
      "8": {
        "start": { "line": 14, "column": 4 },
        "end": { "line": 14, "column": 31 }
      },
      "9": {
        "start": { "line": 15, "column": 4 },
        "end": { "line": 15, "column": 41 }
      },
      "10": {
        "start": { "line": 19, "column": 0 },
        "end": { "line": 19, "column": 24 }
      }
    },
    "fnMap": {
      "0": {
        "name": "(anonymous_0)",
        "decl": {
          "start": { "line": 8, "column": 16 },
          "end": { "line": 8, "column": 17 }
        },
        "loc": {
          "start": { "line": 8, "column": 36 },
          "end": { "line": 17, "column": 1 }
        },
        "line": 8
      }
    },
    "branchMap": {},
    "s": {
      "0": 1,
      "1": 1,
      "2": 1,
      "3": 1,
      "4": 0,
      "5": 0,
      "6": 0,
      "7": 0,
      "8": 0,
      "9": 0,
      "10": 1
    },
    "f": { "0": 0 },
    "b": {},
    "_coverageSchema": "1a1c01bbd47fc00a2c39e90264f33305004495a9",
    "hash": "8cf8d704f879628714f5102455ed4bbdcb12291b"
  },
  "C:\\Users\\DY15D\\BuildPre\\backend\\utils\\cache.js": {
    "path": "C:\\Users\\DY15D\\BuildPre\\backend\\utils\\cache.js",
    "statementMap": {
      "0": {
        "start": { "line": 1, "column": 14 },
        "end": { "line": 1, "column": 30 }
      },
      "1": {
        "start": { "line": 4, "column": 20 },
        "end": { "line": 9, "column": 2 }
      },
      "2": {
        "start": { "line": 13, "column": 0 },
        "end": { "line": 21, "column": 1 }
      },
      "3": {
        "start": { "line": 14, "column": 2 },
        "end": { "line": 16, "column": 5 }
      },
      "4": {
        "start": { "line": 15, "column": 4 },
        "end": { "line": 15, "column": 46 }
      },
      "5": {
        "start": { "line": 18, "column": 2 },
        "end": { "line": 20, "column": 5 }
      },
      "6": {
        "start": { "line": 19, "column": 4 },
        "end": { "line": 19, "column": 42 }
      },
      "7": {
        "start": { "line": 24, "column": 21 },
        "end": { "line": 30, "column": 1 }
      },
      "8": {
        "start": { "line": 25, "column": 2 },
        "end": { "line": 29, "column": 3 }
      },
      "9": {
        "start": { "line": 26, "column": 4 },
        "end": { "line": 26, "column": 32 }
      },
      "10": {
        "start": { "line": 28, "column": 4 },
        "end": { "line": 28, "column": 54 }
      },
      "11": {
        "start": { "line": 35, "column": 22 },
        "end": { "line": 59, "column": 1 }
      },
      "12": {
        "start": { "line": 36, "column": 2 },
        "end": { "line": 58, "column": 3 }
      },
      "13": {
        "start": { "line": 37, "column": 4 },
        "end": { "line": 40, "column": 5 }
      },
      "14": {
        "start": { "line": 38, "column": 6 },
        "end": { "line": 38, "column": 70 }
      },
      "15": {
        "start": { "line": 39, "column": 6 },
        "end": { "line": 39, "column": 24 }
      },
      "16": {
        "start": { "line": 42, "column": 23 },
        "end": { "line": 42, "column": 49 }
      },
      "17": {
        "start": { "line": 44, "column": 4 },
        "end": { "line": 47, "column": 5 }
      },
      "18": {
        "start": { "line": 45, "column": 6 },
        "end": { "line": 45, "column": 47 }
      },
      "19": {
        "start": { "line": 46, "column": 6 },
        "end": { "line": 46, "column": 36 }
      },
      "20": {
        "start": { "line": 49, "column": 22 },
        "end": { "line": 49, "column": 32 }
      },
      "21": {
        "start": { "line": 50, "column": 4 },
        "end": { "line": 50, "column": 72 }
      },
      "22": {
        "start": { "line": 52, "column": 4 },
        "end": { "line": 52, "column": 21 }
      },
      "23": {
        "start": { "line": 54, "column": 4 },
        "end": { "line": 56, "column": 7 }
      },
      "24": {
        "start": { "line": 55, "column": 8 },
        "end": { "line": 55, "column": 43 }
      },
      "25": {
        "start": { "line": 57, "column": 4 },
        "end": { "line": 57, "column": 22 }
      },
      "26": {
        "start": { "line": 64, "column": 24 },
        "end": { "line": 73, "column": 1 }
      },
      "27": {
        "start": { "line": 65, "column": 2 },
        "end": { "line": 72, "column": 3 }
      },
      "28": {
        "start": { "line": 66, "column": 4 },
        "end": { "line": 69, "column": 5 }
      },
      "29": {
        "start": { "line": 67, "column": 6 },
        "end": { "line": 67, "column": 33 }
      },
      "30": {
        "start": { "line": 68, "column": 6 },
        "end": { "line": 68, "column": 55 }
      },
      "31": {
        "start": { "line": 71, "column": 4 },
        "end": { "line": 71, "column": 52 }
      },
      "32": {
        "start": { "line": 78, "column": 31 },
        "end": { "line": 90, "column": 1 }
      },
      "33": {
        "start": { "line": 79, "column": 2 },
        "end": { "line": 89, "column": 3 }
      },
      "34": {
        "start": { "line": 80, "column": 4 },
        "end": { "line": 86, "column": 5 }
      },
      "35": {
        "start": { "line": 81, "column": 19 },
        "end": { "line": 81, "column": 50 }
      },
      "36": {
        "start": { "line": 82, "column": 6 },
        "end": { "line": 85, "column": 7 }
      },
      "37": {
        "start": { "line": 83, "column": 8 },
        "end": { "line": 83, "column": 36 }
      },
      "38": {
        "start": { "line": 84, "column": 8 },
        "end": { "line": 84, "column": 87 }
      },
      "39": {
        "start": { "line": 88, "column": 4 },
        "end": { "line": 88, "column": 60 }
      },
      "40": {
        "start": { "line": 93, "column": 0 },
        "end": { "line": 99, "column": 2 }
      }
    },
    "fnMap": {
      "0": {
        "name": "(anonymous_0)",
        "decl": {
          "start": { "line": 14, "column": 26 },
          "end": { "line": 14, "column": 27 }
        },
        "loc": {
          "start": { "line": 14, "column": 35 },
          "end": { "line": 16, "column": 3 }
        },
        "line": 14
      },
      "1": {
        "name": "(anonymous_1)",
        "decl": {
          "start": { "line": 18, "column": 28 },
          "end": { "line": 18, "column": 29 }
        },
        "loc": {
          "start": { "line": 18, "column": 34 },
          "end": { "line": 20, "column": 3 }
        },
        "line": 18
      },
      "2": {
        "name": "(anonymous_2)",
        "decl": {
          "start": { "line": 24, "column": 21 },
          "end": { "line": 24, "column": 22 }
        },
        "loc": {
          "start": { "line": 24, "column": 33 },
          "end": { "line": 30, "column": 1 }
        },
        "line": 24
      },
      "3": {
        "name": "(anonymous_3)",
        "decl": {
          "start": { "line": 35, "column": 22 },
          "end": { "line": 35, "column": 23 }
        },
        "loc": {
          "start": { "line": 35, "column": 60 },
          "end": { "line": 59, "column": 1 }
        },
        "line": 35
      },
      "4": {
        "name": "(anonymous_4)",
        "decl": {
          "start": { "line": 64, "column": 24 },
          "end": { "line": 64, "column": 25 }
        },
        "loc": {
          "start": { "line": 64, "column": 39 },
          "end": { "line": 73, "column": 1 }
        },
        "line": 64
      },
      "5": {
        "name": "(anonymous_5)",
        "decl": {
          "start": { "line": 78, "column": 31 },
          "end": { "line": 78, "column": 32 }
        },
        "loc": {
          "start": { "line": 78, "column": 50 },
          "end": { "line": 90, "column": 1 }
        },
        "line": 78
      }
    },
    "branchMap": {
      "0": {
        "loc": {
          "start": { "line": 6, "column": 10 },
          "end": { "line": 6, "column": 47 }
        },
        "type": "binary-expr",
        "locations": [
          {
            "start": { "line": 6, "column": 10 },
            "end": { "line": 6, "column": 32 }
          },
          {
            "start": { "line": 6, "column": 36 },
            "end": { "line": 6, "column": 47 }
          }
        ],
        "line": 6
      },
      "1": {
        "loc": {
          "start": { "line": 7, "column": 10 },
          "end": { "line": 7, "column": 40 }
        },
        "type": "binary-expr",
        "locations": [
          {
            "start": { "line": 7, "column": 10 },
            "end": { "line": 7, "column": 32 }
          },
          {
            "start": { "line": 7, "column": 36 },
            "end": { "line": 7, "column": 40 }
          }
        ],
        "line": 7
      },
      "2": {
        "loc": {
          "start": { "line": 13, "column": 0 },
          "end": { "line": 21, "column": 1 }
        },
        "type": "if",
        "locations": [
          {
            "start": { "line": 13, "column": 0 },
            "end": { "line": 21, "column": 1 }
          },
          { "start": {}, "end": {} }
        ],
        "line": 13
      },
      "3": {
        "loc": {
          "start": { "line": 35, "column": 38 },
          "end": { "line": 35, "column": 55 }
        },
        "type": "default-arg",
        "locations": [
          {
            "start": { "line": 35, "column": 51 },
            "end": { "line": 35, "column": 55 }
          }
        ],
        "line": 35
      },
      "4": {
        "loc": {
          "start": { "line": 37, "column": 4 },
          "end": { "line": 40, "column": 5 }
        },
        "type": "if",
        "locations": [
          {
            "start": { "line": 37, "column": 4 },
            "end": { "line": 40, "column": 5 }
          },
          { "start": {}, "end": {} }
        ],
        "line": 37
      },
      "5": {
        "loc": {
          "start": { "line": 44, "column": 4 },
          "end": { "line": 47, "column": 5 }
        },
        "type": "if",
        "locations": [
          {
            "start": { "line": 44, "column": 4 },
            "end": { "line": 47, "column": 5 }
          },
          { "start": {}, "end": {} }
        ],
        "line": 44
      },
      "6": {
        "loc": {
          "start": { "line": 54, "column": 4 },
          "end": { "line": 56, "column": 7 }
        },
        "type": "if",
        "locations": [
          {
            "start": { "line": 54, "column": 4 },
            "end": { "line": 56, "column": 7 }
          },
          { "start": {}, "end": {} }
        ],
        "line": 54
      },
      "7": {
        "loc": {
          "start": { "line": 66, "column": 4 },
          "end": { "line": 69, "column": 5 }
        },
        "type": "if",
        "locations": [
          {
            "start": { "line": 66, "column": 4 },
            "end": { "line": 69, "column": 5 }
          },
          { "start": {}, "end": {} }
        ],
        "line": 66
      },
      "8": {
        "loc": {
          "start": { "line": 80, "column": 4 },
          "end": { "line": 86, "column": 5 }
        },
        "type": "if",
        "locations": [
          {
            "start": { "line": 80, "column": 4 },
            "end": { "line": 86, "column": 5 }
          },
          { "start": {}, "end": {} }
        ],
        "line": 80
      },
      "9": {
        "loc": {
          "start": { "line": 82, "column": 6 },
          "end": { "line": 85, "column": 7 }
        },
        "type": "if",
        "locations": [
          {
            "start": { "line": 82, "column": 6 },
            "end": { "line": 85, "column": 7 }
          },
          { "start": {}, "end": {} }
        ],
        "line": 82
      }
    },
    "s": {
      "0": 5,
      "1": 5,
      "2": 5,
      "3": 5,
      "4": 0,
      "5": 5,
      "6": 0,
      "7": 5,
      "8": 0,
      "9": 0,
      "10": 0,
      "11": 5,
      "12": 3,
      "13": 3,
      "14": 0,
      "15": 0,
      "16": 3,
      "17": 2,
      "18": 1,
      "19": 1,
      "20": 1,
      "21": 1,
      "22": 1,
      "23": 1,
      "24": 0,
      "25": 1,
      "26": 5,
      "27": 0,
      "28": 0,
      "29": 0,
      "30": 0,
      "31": 0,
      "32": 5,
      "33": 1,
      "34": 1,
      "35": 0,
      "36": 0,
      "37": 0,
      "38": 0,
      "39": 0,
      "40": 5
    },
    "f": { "0": 0, "1": 0, "2": 0, "3": 3, "4": 0, "5": 1 },
    "b": {
      "0": [5, 3],
      "1": [5, 3],
      "2": [5, 0],
      "3": [0],
      "4": [0, 3],
      "5": [1, 1],
      "6": [0, 1],
      "7": [0, 0],
      "8": [0, 1],
      "9": [0, 0]
    },
    "_coverageSchema": "1a1c01bbd47fc00a2c39e90264f33305004495a9",
    "hash": "9ece5932a646b0723ef908aefe354916a4f7e160"
  },
  "C:\\Users\\DY15D\\BuildPre\\backend\\utils\\helpers.js": {
    "path": "C:\\Users\\DY15D\\BuildPre\\backend\\utils\\helpers.js",
    "statementMap": {
      "0": {
        "start": { "line": 8, "column": 27 },
        "end": { "line": 13, "column": 1 }
      },
      "1": {
        "start": { "line": 9, "column": 2 },
        "end": { "line": 11, "column": 3 }
      },
      "2": {
        "start": { "line": 10, "column": 4 },
        "end": { "line": 10, "column": 16 }
      },
      "3": {
        "start": { "line": 12, "column": 2 },
        "end": { "line": 12, "column": 36 }
      }
    },
    "fnMap": {
      "0": {
        "name": "(anonymous_0)",
        "decl": {
          "start": { "line": 8, "column": 27 },
          "end": { "line": 8, "column": 28 }
        },
        "loc": {
          "start": { "line": 8, "column": 38 },
          "end": { "line": 13, "column": 1 }
        },
        "line": 8
      }
    },
    "branchMap": {
      "0": {
        "loc": {
          "start": { "line": 9, "column": 2 },
          "end": { "line": 11, "column": 3 }
        },
        "type": "if",
        "locations": [
          {
            "start": { "line": 9, "column": 2 },
            "end": { "line": 11, "column": 3 }
          },
          { "start": {}, "end": {} }
        ],
        "line": 9
      }
    },
    "s": { "0": 1, "1": 4, "2": 2, "3": 2 },
    "f": { "0": 4 },
    "b": { "0": [2, 2] },
    "_coverageSchema": "1a1c01bbd47fc00a2c39e90264f33305004495a9",
    "hash": "713a328a8a7269d96e5cef35a57d57b5a5f483e4"
  },
  "C:\\Users\\DY15D\\BuildPre\\backend\\utils\\imageUploader.js": {
    "path": "C:\\Users\\DY15D\\BuildPre\\backend\\utils\\imageUploader.js",
    "statementMap": {
      "0": {
        "start": { "line": 2, "column": 27 },
        "end": { "line": 2, "column": 48 }
      },
      "1": {
        "start": { "line": 3, "column": 21 },
        "end": { "line": 3, "column": 38 }
      },
      "2": {
        "start": { "line": 6, "column": 0 },
        "end": { "line": 6, "column": 27 }
      },
      "3": {
        "start": { "line": 9, "column": 0 },
        "end": { "line": 13, "column": 3 }
      },
      "4": {
        "start": { "line": 16, "column": 0 },
        "end": { "line": 20, "column": 3 }
      },
      "5": {
        "start": { "line": 27, "column": 20 },
        "end": { "line": 53, "column": 1 }
      },
      "6": {
        "start": { "line": 28, "column": 2 },
        "end": { "line": 52, "column": 5 }
      },
      "7": {
        "start": { "line": 30, "column": 19 },
        "end": { "line": 48, "column": 5 }
      },
      "8": {
        "start": { "line": 36, "column": 8 },
        "end": { "line": 39, "column": 12 }
      },
      "9": {
        "start": { "line": 38, "column": 13 },
        "end": { "line": 38, "column": 34 }
      },
      "10": {
        "start": { "line": 42, "column": 12 },
        "end": { "line": 44, "column": 13 }
      },
      "11": {
        "start": { "line": 43, "column": 16 },
        "end": { "line": 43, "column": 89 }
      },
      "12": {
        "start": { "line": 45, "column": 8 },
        "end": { "line": 45, "column": 69 }
      },
      "13": {
        "start": { "line": 46, "column": 8 },
        "end": { "line": 46, "column": 35 }
      },
      "14": {
        "start": { "line": 51, "column": 4 },
        "end": { "line": 51, "column": 39 }
      },
      "15": {
        "start": { "line": 55, "column": 0 },
        "end": { "line": 55, "column": 33 }
      }
    },
    "fnMap": {
      "0": {
        "name": "(anonymous_0)",
        "decl": {
          "start": { "line": 27, "column": 20 },
          "end": { "line": 27, "column": 21 }
        },
        "loc": {
          "start": { "line": 27, "column": 32 },
          "end": { "line": 53, "column": 1 }
        },
        "line": 27
      },
      "1": {
        "name": "(anonymous_1)",
        "decl": {
          "start": { "line": 28, "column": 21 },
          "end": { "line": 28, "column": 22 }
        },
        "loc": {
          "start": { "line": 28, "column": 42 },
          "end": { "line": 52, "column": 3 }
        },
        "line": 28
      },
      "2": {
        "name": "(anonymous_2)",
        "decl": {
          "start": { "line": 35, "column": 6 },
          "end": { "line": 35, "column": 7 }
        },
        "loc": {
          "start": { "line": 35, "column": 25 },
          "end": { "line": 47, "column": 7 }
        },
        "line": 35
      }
    },
    "branchMap": {
      "0": {
        "loc": {
          "start": { "line": 18, "column": 11 },
          "end": { "line": 18, "column": 65 }
        },
        "type": "cond-expr",
        "locations": [
          {
            "start": { "line": 18, "column": 44 },
            "end": { "line": 18, "column": 51 }
          },
          {
            "start": { "line": 18, "column": 54 },
            "end": { "line": 18, "column": 65 }
          }
        ],
        "line": 18
      },
      "1": {
        "loc": {
          "start": { "line": 19, "column": 14 },
          "end": { "line": 19, "column": 71 }
        },
        "type": "cond-expr",
        "locations": [
          {
            "start": { "line": 19, "column": 50 },
            "end": { "line": 19, "column": 57 }
          },
          {
            "start": { "line": 19, "column": 60 },
            "end": { "line": 19, "column": 71 }
          }
        ],
        "line": 19
      },
      "2": {
        "loc": {
          "start": { "line": 36, "column": 8 },
          "end": { "line": 39, "column": 12 }
        },
        "type": "if",
        "locations": [
          {
            "start": { "line": 36, "column": 8 },
            "end": { "line": 39, "column": 12 }
          },
          { "start": {}, "end": {} }
        ],
        "line": 36
      },
      "3": {
        "loc": {
          "start": { "line": 42, "column": 12 },
          "end": { "line": 44, "column": 13 }
        },
        "type": "if",
        "locations": [
          {
            "start": { "line": 42, "column": 12 },
            "end": { "line": 44, "column": 13 }
          },
          { "start": {}, "end": {} }
        ],
        "line": 42
      },
      "4": {
        "loc": {
          "start": { "line": 42, "column": 16 },
          "end": { "line": 42, "column": 45 }
        },
        "type": "binary-expr",
        "locations": [
          {
            "start": { "line": 42, "column": 16 },
            "end": { "line": 42, "column": 23 }
          },
          {
            "start": { "line": 42, "column": 27 },
            "end": { "line": 42, "column": 45 }
          }
        ],
        "line": 42
      }
    },
    "s": {
      "0": 2,
      "1": 2,
      "2": 2,
      "3": 2,
      "4": 2,
      "5": 2,
      "6": 2,
      "7": 2,
      "8": 2,
      "9": 1,
      "10": 1,
      "11": 0,
      "12": 1,
      "13": 1,
      "14": 2,
      "15": 2
    },
    "f": { "0": 2, "1": 2, "2": 2 },
    "b": { "0": [2, 0], "1": [2, 0], "2": [1, 1], "3": [0, 1], "4": [1, 1] },
    "_coverageSchema": "1a1c01bbd47fc00a2c39e90264f33305004495a9",
    "hash": "4a44dab20e60caed9f16695ea6e93b8975d10360"
  },
  "C:\\Users\\DY15D\\BuildPre\\backend\\utils\\search.js": {
    "path": "C:\\Users\\DY15D\\BuildPre\\backend\\utils\\search.js",
    "statementMap": {
      "0": {
        "start": { "line": 1, "column": 13 },
        "end": { "line": 1, "column": 38 }
      },
      "1": {
        "start": { "line": 8, "column": 20 },
        "end": { "line": 53, "column": 1 }
      },
      "2": {
        "start": { "line": 10, "column": 2 },
        "end": { "line": 12, "column": 3 }
      },
      "3": {
        "start": { "line": 11, "column": 4 },
        "end": { "line": 11, "column": 14 }
      },
      "4": {
        "start": { "line": 14, "column": 2 },
        "end": { "line": 52, "column": 3 }
      },
      "5": {
        "start": { "line": 17, "column": 21 },
        "end": { "line": 44, "column": 5 }
      },
      "6": {
        "start": { "line": 46, "column": 18 },
        "end": { "line": 46, "column": 48 }
      },
      "7": {
        "start": { "line": 47, "column": 4 },
        "end": { "line": 47, "column": 17 }
      },
      "8": {
        "start": { "line": 50, "column": 4 },
        "end": { "line": 50, "column": 67 }
      },
      "9": {
        "start": { "line": 51, "column": 4 },
        "end": { "line": 51, "column": 14 }
      },
      "10": {
        "start": { "line": 55, "column": 0 },
        "end": { "line": 55, "column": 33 }
      }
    },
    "fnMap": {
      "0": {
        "name": "(anonymous_0)",
        "decl": {
          "start": { "line": 8, "column": 20 },
          "end": { "line": 8, "column": 21 }
        },
        "loc": {
          "start": { "line": 8, "column": 37 },
          "end": { "line": 53, "column": 1 }
        },
        "line": 8
      }
    },
    "branchMap": {
      "0": {
        "loc": {
          "start": { "line": 10, "column": 2 },
          "end": { "line": 12, "column": 3 }
        },
        "type": "if",
        "locations": [
          {
            "start": { "line": 10, "column": 2 },
            "end": { "line": 12, "column": 3 }
          },
          { "start": {}, "end": {} }
        ],
        "line": 10
      },
      "1": {
        "loc": {
          "start": { "line": 10, "column": 6 },
          "end": { "line": 10, "column": 35 }
        },
        "type": "binary-expr",
        "locations": [
          {
            "start": { "line": 10, "column": 6 },
            "end": { "line": 10, "column": 12 }
          },
          {
            "start": { "line": 10, "column": 16 },
            "end": { "line": 10, "column": 35 }
          }
        ],
        "line": 10
      }
    },
    "s": {
      "0": 2,
      "1": 2,
      "2": 2,
      "3": 1,
      "4": 1,
      "5": 1,
      "6": 1,
      "7": 1,
      "8": 0,
      "9": 0,
      "10": 2
    },
    "f": { "0": 2 },
    "b": { "0": [1, 1], "1": [2, 1] },
    "_coverageSchema": "1a1c01bbd47fc00a2c39e90264f33305004495a9",
    "hash": "ff734bdf4d4b079794ee6ccd943f5da4235d1346"
  }
}
